[0.521s] Invoking command in '/home/kz503/ros2_ws/src/mypkg': PYTHONPATH=/home/kz503/ros2_ws/build/mypkg/prefix_override:/usr/lib/python3/dist-packages/colcon_core/task/python/colcon_distutils_commands:/home/kz503/ros2_ws/install/mypkg/lib/python3.10/site-packages:${PYTHONPATH} /usr/bin/python3 -W ignore:setup.py install is deprecated -W ignore:easy_install command is deprecated setup.py egg_info --egg-base ../../build/mypkg build --build-base /home/kz503/ros2_ws/build/mypkg/build install --record /home/kz503/ros2_ws/build/mypkg/install.log --single-version-externally-managed install_data
[0.633s] running egg_info
[0.634s] writing ../../build/mypkg/mypkg.egg-info/PKG-INFO
[0.650s] writing dependency_links to ../../build/mypkg/mypkg.egg-info/dependency_links.txt
[0.651s] writing entry points to ../../build/mypkg/mypkg.egg-info/entry_points.txt
[0.651s] writing requirements to ../../build/mypkg/mypkg.egg-info/requires.txt
[0.651s] writing top-level names to ../../build/mypkg/mypkg.egg-info/top_level.txt
[0.652s] reading manifest file '../../build/mypkg/mypkg.egg-info/SOURCES.txt'
[0.652s] writing manifest file '../../build/mypkg/mypkg.egg-info/SOURCES.txt'
[0.653s] running build
[0.653s] running build_py
[0.653s] copying mypkg/talker.py -> /home/kz503/ros2_ws/build/mypkg/build/lib/mypkg
[0.654s] running install
[0.654s] running install_lib
[0.655s] copying /home/kz503/ros2_ws/build/mypkg/build/lib/mypkg/talker.py -> /home/kz503/ros2_ws/install/mypkg/lib/python3.10/site-packages/mypkg
[0.655s] byte-compiling /home/kz503/ros2_ws/install/mypkg/lib/python3.10/site-packages/mypkg/talker.py to talker.cpython-310.pyc
[0.656s]   File "/home/kz503/ros2_ws/install/mypkg/lib/python3.10/site-packages/mypkg/talker.py", line 19
[0.656s]     def main()
[0.656s]               ^
[0.656s] SyntaxError: expected ':'
[0.656s] 
[0.656s] running install_data
[0.656s] copying package.xml -> /home/kz503/ros2_ws/install/mypkg/share/mypkg
[0.656s] running install_egg_info
[0.657s] removing '/home/kz503/ros2_ws/install/mypkg/lib/python3.10/site-packages/mypkg-0.0.0-py3.10.egg-info' (and everything under it)
[0.658s] Copying ../../build/mypkg/mypkg.egg-info to /home/kz503/ros2_ws/install/mypkg/lib/python3.10/site-packages/mypkg-0.0.0-py3.10.egg-info
[0.659s] running install_scripts
[0.671s] Installing talker script to /home/kz503/ros2_ws/install/mypkg/lib/mypkg
[0.672s] writing list of installed files to '/home/kz503/ros2_ws/build/mypkg/install.log'
[0.684s] Invoked command in '/home/kz503/ros2_ws/src/mypkg' returned '0': PYTHONPATH=/home/kz503/ros2_ws/build/mypkg/prefix_override:/usr/lib/python3/dist-packages/colcon_core/task/python/colcon_distutils_commands:/home/kz503/ros2_ws/install/mypkg/lib/python3.10/site-packages:${PYTHONPATH} /usr/bin/python3 -W ignore:setup.py install is deprecated -W ignore:easy_install command is deprecated setup.py egg_info --egg-base ../../build/mypkg build --build-base /home/kz503/ros2_ws/build/mypkg/build install --record /home/kz503/ros2_ws/build/mypkg/install.log --single-version-externally-managed install_data
