[0.457s] Invoking command in '/home/kz503/ros2_ws/src/mypkg': PYTHONPATH=/home/kz503/ros2_ws/build/mypkg/prefix_override:/usr/lib/python3/dist-packages/colcon_core/task/python/colcon_distutils_commands:/home/kz503/ros2_ws/install/mypkg/lib/python3.10/site-packages:${PYTHONPATH} /usr/bin/python3 -W ignore:setup.py install is deprecated -W ignore:easy_install command is deprecated setup.py egg_info --egg-base ../../build/mypkg build --build-base /home/kz503/ros2_ws/build/mypkg/build install --record /home/kz503/ros2_ws/build/mypkg/install.log --single-version-externally-managed install_data
[0.574s] running egg_info
[0.574s] creating ../../build/mypkg/mypkg.egg-info
[0.574s] writing ../../build/mypkg/mypkg.egg-info/PKG-INFO
[0.575s] writing dependency_links to ../../build/mypkg/mypkg.egg-info/dependency_links.txt
[0.575s] writing entry points to ../../build/mypkg/mypkg.egg-info/entry_points.txt
[0.575s] writing requirements to ../../build/mypkg/mypkg.egg-info/requires.txt
[0.575s] writing top-level names to ../../build/mypkg/mypkg.egg-info/top_level.txt
[0.575s] writing manifest file '../../build/mypkg/mypkg.egg-info/SOURCES.txt'
[0.576s] reading manifest file '../../build/mypkg/mypkg.egg-info/SOURCES.txt'
[0.576s] writing manifest file '../../build/mypkg/mypkg.egg-info/SOURCES.txt'
[0.576s] running build
[0.576s] running build_py
[0.576s] creating /home/kz503/ros2_ws/build/mypkg/build
[0.577s] creating /home/kz503/ros2_ws/build/mypkg/build/lib
[0.577s] creating /home/kz503/ros2_ws/build/mypkg/build/lib/mypkg
[0.577s] copying mypkg/__init__.py -> /home/kz503/ros2_ws/build/mypkg/build/lib/mypkg
[0.577s] running install
[0.577s] running install_lib
[0.577s] creating /home/kz503/ros2_ws/install/mypkg/lib/python3.10/site-packages/mypkg
[0.578s] copying /home/kz503/ros2_ws/build/mypkg/build/lib/mypkg/__init__.py -> /home/kz503/ros2_ws/install/mypkg/lib/python3.10/site-packages/mypkg
[0.578s] byte-compiling /home/kz503/ros2_ws/install/mypkg/lib/python3.10/site-packages/mypkg/__init__.py to __init__.cpython-310.pyc
[0.578s] running install_data
[0.578s] creating /home/kz503/ros2_ws/install/mypkg/share/ament_index
[0.579s] creating /home/kz503/ros2_ws/install/mypkg/share/ament_index/resource_index
[0.579s] creating /home/kz503/ros2_ws/install/mypkg/share/ament_index/resource_index/packages
[0.579s] copying resource/mypkg -> /home/kz503/ros2_ws/install/mypkg/share/ament_index/resource_index/packages
[0.579s] copying package.xml -> /home/kz503/ros2_ws/install/mypkg/share/mypkg
[0.579s] running install_egg_info
[0.580s] Copying ../../build/mypkg/mypkg.egg-info to /home/kz503/ros2_ws/install/mypkg/lib/python3.10/site-packages/mypkg-0.0.0-py3.10.egg-info
[0.581s] running install_scripts
[0.593s] writing list of installed files to '/home/kz503/ros2_ws/build/mypkg/install.log'
[0.608s] Invoked command in '/home/kz503/ros2_ws/src/mypkg' returned '0': PYTHONPATH=/home/kz503/ros2_ws/build/mypkg/prefix_override:/usr/lib/python3/dist-packages/colcon_core/task/python/colcon_distutils_commands:/home/kz503/ros2_ws/install/mypkg/lib/python3.10/site-packages:${PYTHONPATH} /usr/bin/python3 -W ignore:setup.py install is deprecated -W ignore:easy_install command is deprecated setup.py egg_info --egg-base ../../build/mypkg build --build-base /home/kz503/ros2_ws/build/mypkg/build install --record /home/kz503/ros2_ws/build/mypkg/install.log --single-version-externally-managed install_data
