[0.319s] Invoking command in '/home/kz503/ros2_ws/src/mypkg': PYTHONPATH=/home/kz503/ros2_ws/build/mypkg/prefix_override:/usr/lib/python3/dist-packages/colcon_core/task/python/colcon_distutils_commands:/home/kz503/ros2_ws/install/mypkg/lib/python3.10/site-packages:${PYTHONPATH} /usr/bin/python3 -W ignore:setup.py install is deprecated -W ignore:easy_install command is deprecated setup.py egg_info --egg-base ../../build/mypkg build --build-base /home/kz503/ros2_ws/build/mypkg/build install --record /home/kz503/ros2_ws/build/mypkg/install.log --single-version-externally-managed install_data
[0.440s] running egg_info
[0.441s] writing ../../build/mypkg/mypkg.egg-info/PKG-INFO
[0.441s] writing dependency_links to ../../build/mypkg/mypkg.egg-info/dependency_links.txt
[0.442s] writing entry points to ../../build/mypkg/mypkg.egg-info/entry_points.txt
[0.442s] writing requirements to ../../build/mypkg/mypkg.egg-info/requires.txt
[0.442s] writing top-level names to ../../build/mypkg/mypkg.egg-info/top_level.txt
[0.442s] reading manifest file '../../build/mypkg/mypkg.egg-info/SOURCES.txt'
[0.443s] writing manifest file '../../build/mypkg/mypkg.egg-info/SOURCES.txt'
[0.443s] running build
[0.443s] running build_py
[0.443s] running install
[0.443s] running install_lib
[0.444s] running install_data
[0.444s] running install_egg_info
[0.445s] removing '/home/kz503/ros2_ws/install/mypkg/lib/python3.10/site-packages/mypkg-0.0.0-py3.10.egg-info' (and everything under it)
[0.445s] Copying ../../build/mypkg/mypkg.egg-info to /home/kz503/ros2_ws/install/mypkg/lib/python3.10/site-packages/mypkg-0.0.0-py3.10.egg-info
[0.445s] running install_scripts
[0.456s] Installing listener script to /home/kz503/ros2_ws/install/mypkg/lib/mypkg
[0.456s] Installing talker script to /home/kz503/ros2_ws/install/mypkg/lib/mypkg
[0.456s] writing list of installed files to '/home/kz503/ros2_ws/build/mypkg/install.log'
[0.469s] Invoked command in '/home/kz503/ros2_ws/src/mypkg' returned '0': PYTHONPATH=/home/kz503/ros2_ws/build/mypkg/prefix_override:/usr/lib/python3/dist-packages/colcon_core/task/python/colcon_distutils_commands:/home/kz503/ros2_ws/install/mypkg/lib/python3.10/site-packages:${PYTHONPATH} /usr/bin/python3 -W ignore:setup.py install is deprecated -W ignore:easy_install command is deprecated setup.py egg_info --egg-base ../../build/mypkg build --build-base /home/kz503/ros2_ws/build/mypkg/build install --record /home/kz503/ros2_ws/build/mypkg/install.log --single-version-externally-managed install_data
