[0.335s] Invoking command in '/home/kz503/ros2_ws/src/mypkg': PYTHONPATH=/home/kz503/ros2_ws/build/mypkg/prefix_override:/usr/lib/python3/dist-packages/colcon_core/task/python/colcon_distutils_commands:/home/kz503/ros2_ws/install/mypkg/lib/python3.10/site-packages:${PYTHONPATH} /usr/bin/python3 -W ignore:setup.py install is deprecated -W ignore:easy_install command is deprecated setup.py egg_info --egg-base ../../build/mypkg build --build-base /home/kz503/ros2_ws/build/mypkg/build install --record /home/kz503/ros2_ws/build/mypkg/install.log --single-version-externally-managed install_data
[0.450s] running egg_info
[0.450s] writing ../../build/mypkg/mypkg.egg-info/PKG-INFO
[0.451s] writing dependency_links to ../../build/mypkg/mypkg.egg-info/dependency_links.txt
[0.452s] writing entry points to ../../build/mypkg/mypkg.egg-info/entry_points.txt
[0.452s] writing requirements to ../../build/mypkg/mypkg.egg-info/requires.txt
[0.452s] writing top-level names to ../../build/mypkg/mypkg.egg-info/top_level.txt
[0.452s] reading manifest file '../../build/mypkg/mypkg.egg-info/SOURCES.txt'
[0.453s] writing manifest file '../../build/mypkg/mypkg.egg-info/SOURCES.txt'
[0.453s] running build
[0.453s] running build_py
[0.453s] copying mypkg/listener.py -> /home/kz503/ros2_ws/build/mypkg/build/lib/mypkg
[0.453s] running install
[0.453s] running install_lib
[0.454s] copying /home/kz503/ros2_ws/build/mypkg/build/lib/mypkg/listener.py -> /home/kz503/ros2_ws/install/mypkg/lib/python3.10/site-packages/mypkg
[0.454s] byte-compiling /home/kz503/ros2_ws/install/mypkg/lib/python3.10/site-packages/mypkg/listener.py to listener.cpython-310.pyc
[0.454s] Sorry: IndentationError: unexpected indent (listener.py, line 8)
[0.454s] running install_data
[0.454s] running install_egg_info
[0.455s] removing '/home/kz503/ros2_ws/install/mypkg/lib/python3.10/site-packages/mypkg-0.0.0-py3.10.egg-info' (and everything under it)
[0.455s] Copying ../../build/mypkg/mypkg.egg-info to /home/kz503/ros2_ws/install/mypkg/lib/python3.10/site-packages/mypkg-0.0.0-py3.10.egg-info
[0.456s] running install_scripts
[0.470s] Installing listener script to /home/kz503/ros2_ws/install/mypkg/lib/mypkg
[0.470s] Installing talker script to /home/kz503/ros2_ws/install/mypkg/lib/mypkg
[0.471s] writing list of installed files to '/home/kz503/ros2_ws/build/mypkg/install.log'
[0.485s] Invoked command in '/home/kz503/ros2_ws/src/mypkg' returned '0': PYTHONPATH=/home/kz503/ros2_ws/build/mypkg/prefix_override:/usr/lib/python3/dist-packages/colcon_core/task/python/colcon_distutils_commands:/home/kz503/ros2_ws/install/mypkg/lib/python3.10/site-packages:${PYTHONPATH} /usr/bin/python3 -W ignore:setup.py install is deprecated -W ignore:easy_install command is deprecated setup.py egg_info --egg-base ../../build/mypkg build --build-base /home/kz503/ros2_ws/build/mypkg/build install --record /home/kz503/ros2_ws/build/mypkg/install.log --single-version-externally-managed install_data
